<?xml version="1.0" encoding="UTF-8"?>
<testsuite name="com.cipherlex.haptic.core.GoldenTest" tests="2" skipped="0" failures="0" errors="0" timestamp="2026-08-02T09:10:18" hostname="DESKTOP-R56G7K6" time="0.122">
  <properties/>
  <testcase name="golden 用例逐字段等价()" classname="com.cipherlex.haptic.core.GoldenTest" time="0.111"/>
  <testcase name="Android 波形数组由 IR 生成而非手写()" classname="com.cipherlex.haptic.core.GoldenTest" time="0.01"/>
  <system-out><![CDATA[golden 等价：38 个 IR 用例 + 4 个 drop 用例全部通过
Android 生成器：38 个用例与基准逐值一致
]]></system-out>
  <system-err><![CDATA[]]></system-err>
</testsuite>
